Using pre-set license
Built from '2022.3/staging' branch; Version is '2022.3.7f1 (b16b3b16c7a0) revision 11627323'; Using compiler version '192829333'; Build Type 'Release'
OS: 'Windows 11  (10.0.22621) 64bit Core' Language: 'tr' Physical Memory: 16068 MB
BatchMode: 1, IsHumanControllingUs: 0, StartBugReporterOnCrash: 0, Is64bit: 1, IsPro: 1

COMMAND LINE ARGUMENTS:
C:\Program Files\Unity\Hub\Editor\2022.3.7f1\Editor\Unity.exe
-adb2
-batchMode
-noUpm
-name
AssetImportWorker1
-projectPath
C:/Users/DELL/Desktop/Games/ScrubbyDubbySaga
-logFile
Logs/AssetImportWorker1.log
-srvPort
53755
Successfully changed project path to: C:/Users/DELL/Desktop/Games/ScrubbyDubbySaga
C:/Users/DELL/Desktop/Games/ScrubbyDubbySaga
[UnityMemory] Configuration Parameters - Can be set up in boot.config
    "memorysetup-bucket-allocator-granularity=16"
    "memorysetup-bucket-allocator-bucket-count=8"
    "memorysetup-bucket-allocator-block-size=33554432"
    "memorysetup-bucket-allocator-block-count=8"
    "memorysetup-main-allocator-block-size=16777216"
    "memorysetup-thread-allocator-block-size=16777216"
    "memorysetup-gfx-main-allocator-block-size=16777216"
    "memorysetup-gfx-thread-allocator-block-size=16777216"
    "memorysetup-cache-allocator-block-size=4194304"
    "memorysetup-typetree-allocator-block-size=2097152"
    "memorysetup-profiler-bucket-allocator-granularity=16"
    "memorysetup-profiler-bucket-allocator-bucket-count=8"
    "memorysetup-profiler-bucket-allocator-block-size=33554432"
    "memorysetup-profiler-bucket-allocator-block-count=8"
    "memorysetup-profiler-allocator-block-size=16777216"
    "memorysetup-profiler-editor-allocator-block-size=1048576"
    "memorysetup-temp-allocator-size-main=16777216"
    "memorysetup-job-temp-allocator-block-size=2097152"
    "memorysetup-job-temp-allocator-block-size-background=1048576"
    "memorysetup-job-temp-allocator-reduction-small-platforms=262144"
    "memorysetup-allocator-temp-initial-block-size-main=262144"
    "memorysetup-allocator-temp-initial-block-size-worker=262144"
    "memorysetup-temp-allocator-size-background-worker=32768"
    "memorysetup-temp-allocator-size-job-worker=262144"
    "memorysetup-temp-allocator-size-preload-manager=33554432"
    "memorysetup-temp-allocator-size-nav-mesh-worker=65536"
    "memorysetup-temp-allocator-size-audio-worker=65536"
    "memorysetup-temp-allocator-size-cloud-worker=32768"
    "memorysetup-temp-allocator-size-gi-baking-worker=262144"
    "memorysetup-temp-allocator-size-gfx=262144"
Player connection [44072] Host "[IP] 192.168.0.22 [Port] 0 [Flags] 2 [Guid] 213772662 [EditorId] 213772662 [Version] 1048832 [Id] WindowsEditor(7,DESKTOP-B34G58F) [Debug] 1 [PackageName] WindowsEditor [ProjectName] Editor" joined multi-casting on [225.0.0.222:54997]...

Player connection [44072] Host "[IP] 192.168.0.22 [Port] 0 [Flags] 2 [Guid] 213772662 [EditorId] 213772662 [Version] 1048832 [Id] WindowsEditor(7,DESKTOP-B34G58F) [Debug] 1 [PackageName] WindowsEditor [ProjectName] Editor" joined alternative multi-casting on [225.0.0.222:34997]...

Refreshing native plugins compatible for Editor in 0.00 ms, found 0 plugins.
Preloading 0 native plugins for Editor in 0.00 ms.
Initialize engine version: 2022.3.7f1 (b16b3b16c7a0)
[Subsystems] Discovering subsystems at path C:/Program Files/Unity/Hub/Editor/2022.3.7f1/Editor/Data/Resources/UnitySubsystems
[Subsystems] Discovering subsystems at path C:/Users/DELL/Desktop/Games/ScrubbyDubbySaga/Assets
GfxDevice: creating device client; threaded=0; jobified=0
Direct3D:
    Version:  Direct3D 11.0 [level 11.1]
    Renderer: NVIDIA GeForce RTX 3050 Laptop GPU (ID=0x25e2)
    Vendor:   NVIDIA
    VRAM:     3977 MB
    Driver:   31.0.15.2879
Initialize mono
Mono path[0] = 'C:/Program Files/Unity/Hub/Editor/2022.3.7f1/Editor/Data/Managed'
Mono path[1] = 'C:/Program Files/Unity/Hub/Editor/2022.3.7f1/Editor/Data/MonoBleedingEdge/lib/mono/unityjit-win32'
Mono config path = 'C:/Program Files/Unity/Hub/Editor/2022.3.7f1/Editor/Data/MonoBleedingEdge/etc'
Using monoOptions --debugger-agent=transport=dt_socket,embedding=1,server=y,suspend=n,address=127.0.0.1:56916
Begin MonoManager ReloadAssembly
Registering precompiled unity dll's ...
Register platform support module: C:/Program Files/Unity/Hub/Editor/2022.3.7f1/Editor/Data/PlaybackEngines/WebGLSupport/UnityEditor.WebGL.Extensions.dll
Register platform support module: C:/Program Files/Unity/Hub/Editor/2022.3.7f1/Editor/Data/PlaybackEngines/AndroidPlayer/UnityEditor.Android.Extensions.dll
Register platform support module: C:/Program Files/Unity/Hub/Editor/2022.3.7f1/Editor/Data/PlaybackEngines/WindowsStandaloneSupport/UnityEditor.WindowsStandalone.Extensions.dll
Registered in 0.006741 seconds.
- Loaded All Assemblies, in  0.270 seconds
Native extension for WindowsStandalone target not found
Native extension for Android target not found
Android Extension - Scanning For ADB Devices 623 ms
Native extension for WebGL target not found
Mono: successfully reloaded assembly
- Finished resetting the current domain, in  0.871 seconds
Domain Reload Profiling: 1140ms
	BeginReloadAssembly (78ms)
		ExecutionOrderSort (0ms)
		DisableScriptedObjects (0ms)
		BackupInstance (0ms)
		ReleaseScriptingObjects (0ms)
		CreateAndSetChildDomain (0ms)
	RebuildCommonClasses (25ms)
	RebuildNativeTypeToScriptingClass (8ms)
	initialDomainReloadingComplete (44ms)
	LoadAllAssembliesAndSetupDomain (112ms)
		LoadAssemblies (77ms)
		RebuildTransferFunctionScriptingTraits (0ms)
		AnalyzeDomain (110ms)
			TypeCache.Refresh (109ms)
				TypeCache.ScanAssembly (99ms)
			ScanForSourceGeneratedMonoScriptInfo (0ms)
			ResolveRequiredComponents (0ms)
	FinalizeReload (872ms)
		ReleaseScriptCaches (0ms)
		RebuildScriptCaches (0ms)
		SetupLoadedEditorAssemblies (826ms)
			LogAssemblyErrors (0ms)
			InitializePlatformSupportModulesInManaged (715ms)
			SetLoadedEditorAssemblies (3ms)
			RefreshPlugins (0ms)
			BeforeProcessingInitializeOnLoad (2ms)
			ProcessInitializeOnLoadAttributes (69ms)
			ProcessInitializeOnLoadMethodAttributes (37ms)
			AfterProcessingInitializeOnLoad (0ms)
			EditorAssembliesLoaded (0ms)
		ExecutionOrderSort2 (0ms)
		AwakeInstancesAfterBackupRestoration (0ms)
========================================================================
Worker process is ready to serve import requests
Begin MonoManager ReloadAssembly
- Loaded All Assemblies, in  0.177 seconds
Refreshing native plugins compatible for Editor in 0.00 ms, found 0 plugins.
Native extension for WindowsStandalone target not found
Native extension for Android target not found
Native extension for WebGL target not found
Mono: successfully reloaded assembly
- Finished resetting the current domain, in  0.253 seconds
Domain Reload Profiling: 429ms
	BeginReloadAssembly (107ms)
		ExecutionOrderSort (0ms)
		DisableScriptedObjects (4ms)
		BackupInstance (0ms)
		ReleaseScriptingObjects (0ms)
		CreateAndSetChildDomain (19ms)
	RebuildCommonClasses (30ms)
	RebuildNativeTypeToScriptingClass (7ms)
	initialDomainReloadingComplete (16ms)
	LoadAllAssembliesAndSetupDomain (15ms)
		LoadAssemblies (63ms)
		RebuildTransferFunctionScriptingTraits (0ms)
		AnalyzeDomain (13ms)
			TypeCache.Refresh (11ms)
				TypeCache.ScanAssembly (6ms)
			ScanForSourceGeneratedMonoScriptInfo (0ms)
			ResolveRequiredComponents (0ms)
	FinalizeReload (253ms)
		ReleaseScriptCaches (0ms)
		RebuildScriptCaches (0ms)
		SetupLoadedEditorAssemblies (155ms)
			LogAssemblyErrors (0ms)
			InitializePlatformSupportModulesInManaged (21ms)
			SetLoadedEditorAssemblies (3ms)
			RefreshPlugins (0ms)
			BeforeProcessingInitializeOnLoad (20ms)
			ProcessInitializeOnLoadAttributes (92ms)
			ProcessInitializeOnLoadMethodAttributes (14ms)
			AfterProcessingInitializeOnLoad (5ms)
			EditorAssembliesLoaded (0ms)
		ExecutionOrderSort2 (0ms)
		AwakeInstancesAfterBackupRestoration (5ms)
Launched and connected shader compiler UnityShaderCompiler.exe after 0.04 seconds
Refreshing native plugins compatible for Editor in 0.00 ms, found 0 plugins.
Preloading 0 native plugins for Editor in 0.00 ms.
Unloading 8 Unused Serialized files (Serialized files now loaded: 0)
Unloading 3 unused Assets / (44.2 KB). Loaded Objects now: 483.
Memory consumption went from 50.6 MB to 50.5 MB.
Total: 1.703500 ms (FindLiveObjects: 0.026200 ms CreateObjectMapping: 0.003300 ms MarkObjects: 1.623900 ms  DeleteObjects: 0.049400 ms)

AssetImportParameters requested are different than current active one (requested -> active):
  custom:video-decoder-ogg-theora: a1e56fd34408186e4bbccfd4996cb3dc -> 
  custom:container-muxer-webm: aa71ff27fc2769a1b78a27578f13a17b -> 
  custom:container-demuxer-webm: 4f35f7cbe854078d1ac9338744f61a02 -> 
  custom:video-encoder-webm-vp8: eb34c28f22e8b96e1ab97ce403110664 -> 
  custom:video-codec-MediaFoundation-h265: 746d11721c4dcdbdad8f713fa42b33f4 -> 
  custom:CustomObjectIndexerAttribute: 756ad292c208cfabdd7b50bc23989ffe -> 
  custom:audio-encoder-webm-vorbis: bf7c407c2cedff20999df2af8eb42d56 -> 
  custom:framework-win-MediaFoundation: 216162199b28c13a410421893ffa2e32 -> 
  custom:SearchIndexIgnoredProperties: e643bd26f0fe6173181afceb89e7c659 -> 
  custom:container-demuxer-ogg: 62fdf1f143b41e24485cea50d1cbac27 -> 
  custom:video-decoder-webm-vp8: 9c59270c3fd7afecdb556c50c9e8de78 -> 
  custom:audio-decoder-ogg-vorbis: bf7c407c2cedff20999df2af8eb42d56 -> 
  custom:AudioImporter_EditorPlatform: d09bf68614088b80899f8185d706f6e7 -> 
========================================================================
Received Import Request.
  Time since last request: 27697.350277 seconds.
  path: Assets/Scripts/Gem.cs
  artifactKey: Guid(0ebd8b0df441ee5438cc6f3efbfd72d8) Importer(2089858483,0ecaa5967403d082aa24f35e1b516d23)
Start importing Assets/Scripts/Gem.cs using Guid(0ebd8b0df441ee5438cc6f3efbfd72d8) Importer(2089858483,0ecaa5967403d082aa24f35e1b516d23) Generated GUIDs only implemented for interfaces!
 -> (artifact id: '3793e489192482575647b939b4b71764') in 0.160948 seconds
Number of updated asset objects reloaded before import = 0
Number of asset objects unloaded after import = 1
========================================================================
Received Import Request.
  Time since last request: 0.770013 seconds.
  path: Assets/EZ Pooling/Examples/Example recycle instances/example_recycle_instancesSettings.lighting
  artifactKey: Guid(b3d0d52fd1a14f146a4066232f073bd0) Importer(2089858483,0ecaa5967403d082aa24f35e1b516d23)
Start importing Assets/EZ Pooling/Examples/Example recycle instances/example_recycle_instancesSettings.lighting using Guid(b3d0d52fd1a14f146a4066232f073bd0) Importer(2089858483,0ecaa5967403d082aa24f35e1b516d23) LightingSettings: switching bake backend from 1 to 0.
Generated GUIDs only implemented for interfaces!
 -> (artifact id: 'c75ef536254cd419e02ccdab7c698427') in 0.074794 seconds
Number of updated asset objects reloaded before import = 0
Number of asset objects unloaded after import = 1
========================================================================
Received Import Request.
  Time since last request: 0.001376 seconds.
  path: Assets/EZ Pooling/Prefabs/recycle prefab.prefab
  artifactKey: Guid(c964dad9f466bf8448c7cea824d2b901) Importer(2089858483,0ecaa5967403d082aa24f35e1b516d23)
Start importing Assets/EZ Pooling/Prefabs/recycle prefab.prefab using Guid(c964dad9f466bf8448c7cea824d2b901) Importer(2089858483,0ecaa5967403d082aa24f35e1b516d23) Generated GUIDs only implemented for interfaces!
 -> (artifact id: 'f5ed9cde54e879f394803aad9c8667a7') in 0.034553 seconds
Number of updated asset objects reloaded before import = 0
Number of asset objects unloaded after import = 10
========================================================================
Received Import Request.
  Time since last request: 0.385288 seconds.
  path: Assets/EZ Pooling/Examples/Physic Materials/slippery.physicMaterial
  artifactKey: Guid(a30022bc3544c854d88d930a4fcdf787) Importer(2089858483,0ecaa5967403d082aa24f35e1b516d23)
Start importing Assets/EZ Pooling/Examples/Physic Materials/slippery.physicMaterial using Guid(a30022bc3544c854d88d930a4fcdf787) Importer(2089858483,0ecaa5967403d082aa24f35e1b516d23) Generated GUIDs only implemented for interfaces!
 -> (artifact id: '1e232c6e16f36d28e028342c50a21ed9') in 0.004984 seconds
Number of updated asset objects reloaded before import = 0
Number of asset objects unloaded after import = 1
========================================================================
Received Import Request.
  Time since last request: 0.876617 seconds.
  path: Assets/EZ Pooling/Examples/Example smart despawn cull/example_smartDespawnCullSettings.lighting
  artifactKey: Guid(33ab04ab51c51d2448c316340519a05b) Importer(2089858483,0ecaa5967403d082aa24f35e1b516d23)
Start importing Assets/EZ Pooling/Examples/Example smart despawn cull/example_smartDespawnCullSettings.lighting using Guid(33ab04ab51c51d2448c316340519a05b) Importer(2089858483,0ecaa5967403d082aa24f35e1b516d23) LightingSettings: switching bake backend from 1 to 0.
Generated GUIDs only implemented for interfaces!
 -> (artifact id: '101cfbde6ad06ddf73c2398e3f7be48e') in 0.022175 seconds
Number of updated asset objects reloaded before import = 0
Number of asset objects unloaded after import = 1
========================================================================
Received Import Request.
  Time since last request: 0.000473 seconds.
  path: Assets/EZ Pooling/Examples/Example recycle instances/test_recycleInstances.cs
  artifactKey: Guid(73ea60d4af2fcd6488888ac61adafee7) Importer(2089858483,0ecaa5967403d082aa24f35e1b516d23)
Start importing Assets/EZ Pooling/Examples/Example recycle instances/test_recycleInstances.cs using Guid(73ea60d4af2fcd6488888ac61adafee7) Importer(2089858483,0ecaa5967403d082aa24f35e1b516d23) Generated GUIDs only implemented for interfaces!
 -> (artifact id: '84b3c4bc754a4cac9c9255da0ec2f7e4') in 0.013273 seconds
Number of updated asset objects reloaded before import = 0
Number of asset objects unloaded after import = 1
========================================================================
Received Import Request.
  Time since last request: 0.000347 seconds.
  path: Assets/EZ Pooling/Prefabs/Materials/yellow.mat
  artifactKey: Guid(6fcdac6e8bb627d4ab5751d908da2c2d) Importer(2089858483,0ecaa5967403d082aa24f35e1b516d23)
Start importing Assets/EZ Pooling/Prefabs/Materials/yellow.mat using Guid(6fcdac6e8bb627d4ab5751d908da2c2d) Importer(2089858483,0ecaa5967403d082aa24f35e1b516d23) Generated GUIDs only implemented for interfaces!
 -> (artifact id: 'd624c0ec66fd99d3017f4d4b7a083eae') in 0.084091 seconds
Number of updated asset objects reloaded before import = 0
Number of asset objects unloaded after import = 1
========================================================================
Received Import Request.
  Time since last request: 0.391381 seconds.
  path: Assets/EZ Pooling/Prefabs/Materials/green.mat
  artifactKey: Guid(ebd91b7d4eb9fac4b83a4d7020aef571) Importer(2089858483,0ecaa5967403d082aa24f35e1b516d23)
Start importing Assets/EZ Pooling/Prefabs/Materials/green.mat using Guid(ebd91b7d4eb9fac4b83a4d7020aef571) Importer(2089858483,0ecaa5967403d082aa24f35e1b516d23) Generated GUIDs only implemented for interfaces!
 -> (artifact id: 'fb175fc6981697532f7199959894cf6c') in 0.006473 seconds
Number of updated asset objects reloaded before import = 0
Number of asset objects unloaded after import = 1
========================================================================
Received Import Request.
  Time since last request: 0.000047 seconds.
  path: Assets/EZ Pooling/Prefabs/test prefab 4.prefab
  artifactKey: Guid(ca10021f78dbb834fbabf2d1c35ec11d) Importer(2089858483,0ecaa5967403d082aa24f35e1b516d23)
Start importing Assets/EZ Pooling/Prefabs/test prefab 4.prefab using Guid(ca10021f78dbb834fbabf2d1c35ec11d) Importer(2089858483,0ecaa5967403d082aa24f35e1b516d23) Generated GUIDs only implemented for interfaces!
 -> (artifact id: 'ffbfaaded29504f600ceb78c4010da4b') in 0.019568 seconds
Number of updated asset objects reloaded before import = 0
Number of asset objects unloaded after import = 10
========================================================================
Received Import Request.
  Time since last request: 0.000269 seconds.
  path: Assets/EZ Pooling/Prefabs/test prefab 3.prefab
  artifactKey: Guid(a72cfaa1c60d5324388b3d73c896387b) Importer(2089858483,0ecaa5967403d082aa24f35e1b516d23)
Start importing Assets/EZ Pooling/Prefabs/test prefab 3.prefab using Guid(a72cfaa1c60d5324388b3d73c896387b) Importer(2089858483,0ecaa5967403d082aa24f35e1b516d23) Generated GUIDs only implemented for interfaces!
 -> (artifact id: '5cceb17756d556038c51b1c738dfd441') in 0.037039 seconds
Number of updated asset objects reloaded before import = 0
Number of asset objects unloaded after import = 10
========================================================================
Received Import Request.
  Time since last request: 0.000035 seconds.
  path: Assets/EZ Pooling
  artifactKey: Guid(8c3eb1426b478e640baddde70d581aae) Importer(2089858483,0ecaa5967403d082aa24f35e1b516d23)
Start importing Assets/EZ Pooling using Guid(8c3eb1426b478e640baddde70d581aae) Importer(2089858483,0ecaa5967403d082aa24f35e1b516d23) Generated GUIDs only implemented for interfaces!
 -> (artifact id: 'e6bea979b6b47ba8bbef3ccf9c515095') in 0.006752 seconds
Number of updated asset objects reloaded before import = 0
Number of asset objects unloaded after import = 1
========================================================================
Received Import Request.
  Time since last request: 0.000297 seconds.
  path: Assets/EZ Pooling/Prefabs
  artifactKey: Guid(c8cf4a32cbf2ae7459852d69d853539f) Importer(2089858483,0ecaa5967403d082aa24f35e1b516d23)
Start importing Assets/EZ Pooling/Prefabs using Guid(c8cf4a32cbf2ae7459852d69d853539f) Importer(2089858483,0ecaa5967403d082aa24f35e1b516d23) Generated GUIDs only implemented for interfaces!
 -> (artifact id: 'ab67a7be0d84099d010a2846166895bc') in 0.011026 seconds
Number of updated asset objects reloaded before import = 0
Number of asset objects unloaded after import = 1
========================================================================
Received Import Request.
  Time since last request: 0.000182 seconds.
  path: Assets/EZ Pooling/Examples/-Scripts
  artifactKey: Guid(5ceb79a5a806a7745b43ec5b3ff37517) Importer(2089858483,0ecaa5967403d082aa24f35e1b516d23)
Start importing Assets/EZ Pooling/Examples/-Scripts using Guid(5ceb79a5a806a7745b43ec5b3ff37517) Importer(2089858483,0ecaa5967403d082aa24f35e1b516d23) Generated GUIDs only implemented for interfaces!
 -> (artifact id: '3a8a24d3b0ecc779cdcab467d81b9775') in 0.004787 seconds
Number of updated asset objects reloaded before import = 0
Number of asset objects unloaded after import = 1
========================================================================
Received Import Request.
  Time since last request: 0.000067 seconds.
  path: Assets/Scripts/MatchFinder.cs
  artifactKey: Guid(36e8815b9d2b9d241b051db0dc649464) Importer(2089858483,0ecaa5967403d082aa24f35e1b516d23)
Start importing Assets/Scripts/MatchFinder.cs using Guid(36e8815b9d2b9d241b051db0dc649464) Importer(2089858483,0ecaa5967403d082aa24f35e1b516d23) Generated GUIDs only implemented for interfaces!
 -> (artifact id: 'ac257367400b02c89689d25bf6ca482f') in 0.008092 seconds
Number of updated asset objects reloaded before import = 0
Number of asset objects unloaded after import = 1
========================================================================
Received Import Request.
  Time since last request: 0.000207 seconds.
  path: Assets/EZ Pooling/Examples/Example sandbox/test_sandbox.cs
  artifactKey: Guid(9a09fd66c0996734ab4f392914174e1c) Importer(2089858483,0ecaa5967403d082aa24f35e1b516d23)
Start importing Assets/EZ Pooling/Examples/Example sandbox/test_sandbox.cs using Guid(9a09fd66c0996734ab4f392914174e1c) Importer(2089858483,0ecaa5967403d082aa24f35e1b516d23) Generated GUIDs only implemented for interfaces!
 -> (artifact id: 'fce50a58da2e7cb0326deded31f731ba') in 0.029305 seconds
Number of updated asset objects reloaded before import = 0
Number of asset objects unloaded after import = 1
========================================================================
Received Import Request.
  Time since last request: 0.001861 seconds.
  path: Assets/EZ Pooling/Examples/Example smart despawn cull/test_smartDespawnCull.cs
  artifactKey: Guid(4ed8e3bc4aa8201439fdcfc30adb0990) Importer(2089858483,0ecaa5967403d082aa24f35e1b516d23)
Start importing Assets/EZ Pooling/Examples/Example smart despawn cull/test_smartDespawnCull.cs using Guid(4ed8e3bc4aa8201439fdcfc30adb0990) Importer(2089858483,0ecaa5967403d082aa24f35e1b516d23) Generated GUIDs only implemented for interfaces!
 -> (artifact id: 'ad6d2e968fb8a7c90fafea373140f2e8') in 0.040814 seconds
Number of updated asset objects reloaded before import = 0
Number of asset objects unloaded after import = 1
========================================================================
Received Import Request.
  Time since last request: 0.000442 seconds.
  path: Assets/EZ Pooling/Prefabs/example prefab 2.prefab
  artifactKey: Guid(b6b89a09aff64ac4b9124dc6070f8265) Importer(2089858483,0ecaa5967403d082aa24f35e1b516d23)
Start importing Assets/EZ Pooling/Prefabs/example prefab 2.prefab using Guid(b6b89a09aff64ac4b9124dc6070f8265) Importer(2089858483,0ecaa5967403d082aa24f35e1b516d23) Generated GUIDs only implemented for interfaces!
 -> (artifact id: 'f70bce03b0516cb55dd03e91b8946eb1') in 0.018815 seconds
Number of updated asset objects reloaded before import = 0
Number of asset objects unloaded after import = 10
========================================================================
Received Import Request.
  Time since last request: 0.000561 seconds.
  path: Assets/EZ Pooling/Scripts/EZ_PrefabPoolOption.cs
  artifactKey: Guid(332efeacf0fb7ee4e8da2d683c022b2e) Importer(2089858483,0ecaa5967403d082aa24f35e1b516d23)
Start importing Assets/EZ Pooling/Scripts/EZ_PrefabPoolOption.cs using Guid(332efeacf0fb7ee4e8da2d683c022b2e) Importer(2089858483,0ecaa5967403d082aa24f35e1b516d23) Generated GUIDs only implemented for interfaces!
 -> (artifact id: '85358d7e2c7b1ac8f8e663d8383630ba') in 0.005832 seconds
Number of updated asset objects reloaded before import = 0
Number of asset objects unloaded after import = 1
========================================================================
Received Import Request.
  Time since last request: 0.000114 seconds.
  path: Assets/EZ Pooling/Editor/EZ_PoolManager_Insp.cs
  artifactKey: Guid(e59009ea80e4caa48bdf769d0e21bb47) Importer(2089858483,0ecaa5967403d082aa24f35e1b516d23)
Start importing Assets/EZ Pooling/Editor/EZ_PoolManager_Insp.cs using Guid(e59009ea80e4caa48bdf769d0e21bb47) Importer(2089858483,0ecaa5967403d082aa24f35e1b516d23) Generated GUIDs only implemented for interfaces!
 -> (artifact id: '05bbf05c8457a144855673a5e7799c49') in 0.004746 seconds
Number of updated asset objects reloaded before import = 0
Number of asset objects unloaded after import = 1
========================================================================
Received Import Request.
  Time since last request: 0.000175 seconds.
  path: Assets/EZ Pooling/Editor/Texture Resources/EZ Pooling Logo.psd
  artifactKey: Guid(d85ca91b0b540814a9bc0525c1f5f490) Importer(2089858483,0ecaa5967403d082aa24f35e1b516d23)
Start importing Assets/EZ Pooling/Editor/Texture Resources/EZ Pooling Logo.psd using Guid(d85ca91b0b540814a9bc0525c1f5f490) Importer(2089858483,0ecaa5967403d082aa24f35e1b516d23) Generated GUIDs only implemented for interfaces!
 -> (artifact id: '3d266fa029850dbcc25eee5f58bab6e4') in 0.090854 seconds
Number of updated asset objects reloaded before import = 0
Number of asset objects unloaded after import = 1
========================================================================
Received Import Request.
  Time since last request: 0.000047 seconds.
  path: Assets/EZ Pooling/Examples/-Scripts/basic_object.cs
  artifactKey: Guid(588a6eaeef7e48d4791088a67579656f) Importer(2089858483,0ecaa5967403d082aa24f35e1b516d23)
Start importing Assets/EZ Pooling/Examples/-Scripts/basic_object.cs using Guid(588a6eaeef7e48d4791088a67579656f) Importer(2089858483,0ecaa5967403d082aa24f35e1b516d23) Generated GUIDs only implemented for interfaces!
 -> (artifact id: '2ab2d4ab94f9b7343998fe54a59f8788') in 0.005422 seconds
Number of updated asset objects reloaded before import = 0
Number of asset objects unloaded after import = 1
========================================================================
Received Import Request.
  Time since last request: 0.000112 seconds.
  path: Assets/EZ Pooling/Examples/Example recycle instances/example_recycle_instances.unity
  artifactKey: Guid(7aa09f17ee9607046b671fc75a3c8693) Importer(2089858483,0ecaa5967403d082aa24f35e1b516d23)
Start importing Assets/EZ Pooling/Examples/Example recycle instances/example_recycle_instances.unity using Guid(7aa09f17ee9607046b671fc75a3c8693) Importer(2089858483,0ecaa5967403d082aa24f35e1b516d23) Generated GUIDs only implemented for interfaces!
 -> (artifact id: 'a39cc9ad4e60fbdf831fc9b47599b58c') in 0.007098 seconds
Number of updated asset objects reloaded before import = 0
Number of asset objects unloaded after import = 1
========================================================================
Received Import Request.
  Time since last request: 0.000143 seconds.
  path: Assets/EZ Pooling/Scripts
  artifactKey: Guid(beb7cab50e655c748935327553a659c4) Importer(2089858483,0ecaa5967403d082aa24f35e1b516d23)
Start importing Assets/EZ Pooling/Scripts using Guid(beb7cab50e655c748935327553a659c4) Importer(2089858483,0ecaa5967403d082aa24f35e1b516d23) Generated GUIDs only implemented for interfaces!
 -> (artifact id: '5ec3188e46c1503b72237b840d9a2ecd') in 0.005177 seconds
Number of updated asset objects reloaded before import = 0
Number of asset objects unloaded after import = 1
========================================================================
Received Import Request.
  Time since last request: 0.000292 seconds.
  path: Assets/EZ Pooling/Scripts/EZ_PrefabPool.cs
  artifactKey: Guid(cc9d94c79bdec394a9a0f4f916e09a0b) Importer(2089858483,0ecaa5967403d082aa24f35e1b516d23)
Start importing Assets/EZ Pooling/Scripts/EZ_PrefabPool.cs using Guid(cc9d94c79bdec394a9a0f4f916e09a0b) Importer(2089858483,0ecaa5967403d082aa24f35e1b516d23) Generated GUIDs only implemented for interfaces!
 -> (artifact id: '0ad02c56f521ea1dd5314daca0f75924') in 0.006085 seconds
Number of updated asset objects reloaded before import = 0
Number of asset objects unloaded after import = 1
Editor requested this worker to shutdown with reason: Scaling down because of idle timeout
TcpMessagingSession - receive error: operation aborted. errorcode: 995, details: Bir iþ parçacýðý çýkýþý veya bir uygulama isteði nedeniyle G/Ç iþlemi iptal edildi.
AssetImportWorker is now disconnected from the server
Process exiting
Exiting without the bug reporter. Application will terminate with return code 0