Using pre-set license
Built from '2022.3/staging' branch; Version is '2022.3.7f1 (b16b3b16c7a0) revision 11627323'; Using compiler version '192829333'; Build Type 'Release'
OS: 'Windows 11  (10.0.22621) 64bit Core' Language: 'tr' Physical Memory: 16068 MB
BatchMode: 1, IsHumanControllingUs: 0, StartBugReporterOnCrash: 0, Is64bit: 1, IsPro: 1

COMMAND LINE ARGUMENTS:
C:\Program Files\Unity\Hub\Editor\2022.3.7f1\Editor\Unity.exe
-adb2
-batchMode
-noUpm
-name
AssetImportWorker0
-projectPath
C:/Users/DELL/Desktop/Games/ScrubbyDubbySaga
-logFile
Logs/AssetImportWorker0.log
-srvPort
53755
Successfully changed project path to: C:/Users/DELL/Desktop/Games/ScrubbyDubbySaga
C:/Users/DELL/Desktop/Games/ScrubbyDubbySaga
[UnityMemory] Configuration Parameters - Can be set up in boot.config
    "memorysetup-bucket-allocator-granularity=16"
    "memorysetup-bucket-allocator-bucket-count=8"
    "memorysetup-bucket-allocator-block-size=33554432"
    "memorysetup-bucket-allocator-block-count=8"
    "memorysetup-main-allocator-block-size=16777216"
    "memorysetup-thread-allocator-block-size=16777216"
    "memorysetup-gfx-main-allocator-block-size=16777216"
    "memorysetup-gfx-thread-allocator-block-size=16777216"
    "memorysetup-cache-allocator-block-size=4194304"
    "memorysetup-typetree-allocator-block-size=2097152"
    "memorysetup-profiler-bucket-allocator-granularity=16"
    "memorysetup-profiler-bucket-allocator-bucket-count=8"
    "memorysetup-profiler-bucket-allocator-block-size=33554432"
    "memorysetup-profiler-bucket-allocator-block-count=8"
    "memorysetup-profiler-allocator-block-size=16777216"
    "memorysetup-profiler-editor-allocator-block-size=1048576"
    "memorysetup-temp-allocator-size-main=16777216"
    "memorysetup-job-temp-allocator-block-size=2097152"
    "memorysetup-job-temp-allocator-block-size-background=1048576"
    "memorysetup-job-temp-allocator-reduction-small-platforms=262144"
    "memorysetup-allocator-temp-initial-block-size-main=262144"
    "memorysetup-allocator-temp-initial-block-size-worker=262144"
    "memorysetup-temp-allocator-size-background-worker=32768"
    "memorysetup-temp-allocator-size-job-worker=262144"
    "memorysetup-temp-allocator-size-preload-manager=33554432"
    "memorysetup-temp-allocator-size-nav-mesh-worker=65536"
    "memorysetup-temp-allocator-size-audio-worker=65536"
    "memorysetup-temp-allocator-size-cloud-worker=32768"
    "memorysetup-temp-allocator-size-gi-baking-worker=262144"
    "memorysetup-temp-allocator-size-gfx=262144"
Player connection [44348] Host "[IP] 192.168.0.22 [Port] 0 [Flags] 2 [Guid] 2304799184 [EditorId] 2304799184 [Version] 1048832 [Id] WindowsEditor(7,DESKTOP-B34G58F) [Debug] 1 [PackageName] WindowsEditor [ProjectName] Editor" joined multi-casting on [225.0.0.222:54997]...

Player connection [44348] Host "[IP] 192.168.0.22 [Port] 0 [Flags] 2 [Guid] 2304799184 [EditorId] 2304799184 [Version] 1048832 [Id] WindowsEditor(7,DESKTOP-B34G58F) [Debug] 1 [PackageName] WindowsEditor [ProjectName] Editor" joined alternative multi-casting on [225.0.0.222:34997]...

Refreshing native plugins compatible for Editor in 0.00 ms, found 0 plugins.
Preloading 0 native plugins for Editor in 0.00 ms.
Initialize engine version: 2022.3.7f1 (b16b3b16c7a0)
[Subsystems] Discovering subsystems at path C:/Program Files/Unity/Hub/Editor/2022.3.7f1/Editor/Data/Resources/UnitySubsystems
[Subsystems] Discovering subsystems at path C:/Users/DELL/Desktop/Games/ScrubbyDubbySaga/Assets
GfxDevice: creating device client; threaded=0; jobified=0
Direct3D:
    Version:  Direct3D 11.0 [level 11.1]
    Renderer: NVIDIA GeForce RTX 3050 Laptop GPU (ID=0x25e2)
    Vendor:   NVIDIA
    VRAM:     3977 MB
    Driver:   31.0.15.2879
Initialize mono
Mono path[0] = 'C:/Program Files/Unity/Hub/Editor/2022.3.7f1/Editor/Data/Managed'
Mono path[1] = 'C:/Program Files/Unity/Hub/Editor/2022.3.7f1/Editor/Data/MonoBleedingEdge/lib/mono/unityjit-win32'
Mono config path = 'C:/Program Files/Unity/Hub/Editor/2022.3.7f1/Editor/Data/MonoBleedingEdge/etc'
Using monoOptions --debugger-agent=transport=dt_socket,embedding=1,server=y,suspend=n,address=127.0.0.1:56436
Begin MonoManager ReloadAssembly
Registering precompiled unity dll's ...
Register platform support module: C:/Program Files/Unity/Hub/Editor/2022.3.7f1/Editor/Data/PlaybackEngines/WebGLSupport/UnityEditor.WebGL.Extensions.dll
Register platform support module: C:/Program Files/Unity/Hub/Editor/2022.3.7f1/Editor/Data/PlaybackEngines/AndroidPlayer/UnityEditor.Android.Extensions.dll
Register platform support module: C:/Program Files/Unity/Hub/Editor/2022.3.7f1/Editor/Data/PlaybackEngines/WindowsStandaloneSupport/UnityEditor.WindowsStandalone.Extensions.dll
Registered in 0.006991 seconds.
- Loaded All Assemblies, in  0.284 seconds
Native extension for WindowsStandalone target not found
Native extension for Android target not found
Android Extension - Scanning For ADB Devices 594 ms
Native extension for WebGL target not found
Mono: successfully reloaded assembly
- Finished resetting the current domain, in  0.845 seconds
Domain Reload Profiling: 1127ms
	BeginReloadAssembly (91ms)
		ExecutionOrderSort (0ms)
		DisableScriptedObjects (0ms)
		BackupInstance (0ms)
		ReleaseScriptingObjects (0ms)
		CreateAndSetChildDomain (1ms)
	RebuildCommonClasses (23ms)
	RebuildNativeTypeToScriptingClass (7ms)
	initialDomainReloadingComplete (46ms)
	LoadAllAssembliesAndSetupDomain (114ms)
		LoadAssemblies (90ms)
		RebuildTransferFunctionScriptingTraits (0ms)
		AnalyzeDomain (112ms)
			TypeCache.Refresh (111ms)
				TypeCache.ScanAssembly (101ms)
			ScanForSourceGeneratedMonoScriptInfo (0ms)
			ResolveRequiredComponents (0ms)
	FinalizeReload (845ms)
		ReleaseScriptCaches (0ms)
		RebuildScriptCaches (0ms)
		SetupLoadedEditorAssemblies (801ms)
			LogAssemblyErrors (0ms)
			InitializePlatformSupportModulesInManaged (690ms)
			SetLoadedEditorAssemblies (3ms)
			RefreshPlugins (0ms)
			BeforeProcessingInitializeOnLoad (2ms)
			ProcessInitializeOnLoadAttributes (71ms)
			ProcessInitializeOnLoadMethodAttributes (35ms)
			AfterProcessingInitializeOnLoad (0ms)
			EditorAssembliesLoaded (0ms)
		ExecutionOrderSort2 (0ms)
		AwakeInstancesAfterBackupRestoration (0ms)
========================================================================
Worker process is ready to serve import requests
Begin MonoManager ReloadAssembly
- Loaded All Assemblies, in  0.176 seconds
Refreshing native plugins compatible for Editor in 0.00 ms, found 0 plugins.
Native extension for WindowsStandalone target not found
Native extension for Android target not found
Native extension for WebGL target not found
Mono: successfully reloaded assembly
- Finished resetting the current domain, in  0.258 seconds
Domain Reload Profiling: 432ms
	BeginReloadAssembly (108ms)
		ExecutionOrderSort (0ms)
		DisableScriptedObjects (4ms)
		BackupInstance (0ms)
		ReleaseScriptingObjects (0ms)
		CreateAndSetChildDomain (17ms)
	RebuildCommonClasses (26ms)
	RebuildNativeTypeToScriptingClass (7ms)
	initialDomainReloadingComplete (17ms)
	LoadAllAssembliesAndSetupDomain (16ms)
		LoadAssemblies (64ms)
		RebuildTransferFunctionScriptingTraits (0ms)
		AnalyzeDomain (13ms)
			TypeCache.Refresh (12ms)
				TypeCache.ScanAssembly (6ms)
			ScanForSourceGeneratedMonoScriptInfo (0ms)
			ResolveRequiredComponents (0ms)
	FinalizeReload (258ms)
		ReleaseScriptCaches (0ms)
		RebuildScriptCaches (0ms)
		SetupLoadedEditorAssemblies (158ms)
			LogAssemblyErrors (0ms)
			InitializePlatformSupportModulesInManaged (21ms)
			SetLoadedEditorAssemblies (3ms)
			RefreshPlugins (0ms)
			BeforeProcessingInitializeOnLoad (23ms)
			ProcessInitializeOnLoadAttributes (91ms)
			ProcessInitializeOnLoadMethodAttributes (14ms)
			AfterProcessingInitializeOnLoad (5ms)
			EditorAssembliesLoaded (0ms)
		ExecutionOrderSort2 (0ms)
		AwakeInstancesAfterBackupRestoration (5ms)
Launched and connected shader compiler UnityShaderCompiler.exe after 0.05 seconds
Refreshing native plugins compatible for Editor in 0.00 ms, found 0 plugins.
Preloading 0 native plugins for Editor in 0.00 ms.
Unloading 8 Unused Serialized files (Serialized files now loaded: 0)
Unloading 3 unused Assets / (44.2 KB). Loaded Objects now: 483.
Memory consumption went from 50.6 MB to 50.5 MB.
Total: 1.847900 ms (FindLiveObjects: 0.027300 ms CreateObjectMapping: 0.003400 ms MarkObjects: 1.763900 ms  DeleteObjects: 0.052700 ms)

AssetImportParameters requested are different than current active one (requested -> active):
  custom:video-decoder-ogg-theora: a1e56fd34408186e4bbccfd4996cb3dc -> 
  custom:container-muxer-webm: aa71ff27fc2769a1b78a27578f13a17b -> 
  custom:container-demuxer-webm: 4f35f7cbe854078d1ac9338744f61a02 -> 
  custom:video-encoder-webm-vp8: eb34c28f22e8b96e1ab97ce403110664 -> 
  custom:video-codec-MediaFoundation-h265: 746d11721c4dcdbdad8f713fa42b33f4 -> 
  custom:CustomObjectIndexerAttribute: 756ad292c208cfabdd7b50bc23989ffe -> 
  custom:audio-encoder-webm-vorbis: bf7c407c2cedff20999df2af8eb42d56 -> 
  custom:framework-win-MediaFoundation: 216162199b28c13a410421893ffa2e32 -> 
  custom:SearchIndexIgnoredProperties: e643bd26f0fe6173181afceb89e7c659 -> 
  custom:container-demuxer-ogg: 62fdf1f143b41e24485cea50d1cbac27 -> 
  custom:video-decoder-webm-vp8: 9c59270c3fd7afecdb556c50c9e8de78 -> 
  custom:audio-decoder-ogg-vorbis: bf7c407c2cedff20999df2af8eb42d56 -> 
  custom:AudioImporter_EditorPlatform: d09bf68614088b80899f8185d706f6e7 -> 
========================================================================
Received Import Request.
  Time since last request: 25793.494348 seconds.
  path: Assets/Scenes/Level2.unity
  artifactKey: Guid(635e2a25fd1740941bd264077f73de29) Importer(815301076,1909f56bfc062723c751e8b465ee728b)
Start importing Assets/Scenes/Level2.unity using Guid(635e2a25fd1740941bd264077f73de29) Importer(815301076,1909f56bfc062723c751e8b465ee728b)  -> (artifact id: '03fee3abe814626c90d82d407c69c7f0') in 0.002164 seconds
Number of updated asset objects reloaded before import = 0
Number of asset objects unloaded after import = 0
========================================================================
Received Import Request.
  Time since last request: 13.897427 seconds.
  path: Assets/Canvas.prefab
  artifactKey: Guid(a689d73ec61cb314cbecd33d015a2894) Importer(815301076,1909f56bfc062723c751e8b465ee728b)
Start importing Assets/Canvas.prefab using Guid(a689d73ec61cb314cbecd33d015a2894) Importer(815301076,1909f56bfc062723c751e8b465ee728b)  -> (artifact id: 'cddcda5dd96ee1e100871c832f67e9cd') in 0.024968 seconds
Number of updated asset objects reloaded before import = 0
Number of asset objects unloaded after import = 317
========================================================================
Received Import Request.
  Time since last request: 633.602474 seconds.
  path: Assets/Scripts/MatchFinder.cs
  artifactKey: Guid(36e8815b9d2b9d241b051db0dc649464) Importer(815301076,1909f56bfc062723c751e8b465ee728b)
Start importing Assets/Scripts/MatchFinder.cs using Guid(36e8815b9d2b9d241b051db0dc649464) Importer(815301076,1909f56bfc062723c751e8b465ee728b)  -> (artifact id: 'eadddee048e4afbd5840430619b24ce6') in 0.000746 seconds
Number of updated asset objects reloaded before import = 0
Number of asset objects unloaded after import = 0
========================================================================
Received Import Request.
  Time since last request: 55.144182 seconds.
  path: Assets/Scripts/MatchFinder.cs
  artifactKey: Guid(36e8815b9d2b9d241b051db0dc649464) Importer(815301076,1909f56bfc062723c751e8b465ee728b)
Start importing Assets/Scripts/MatchFinder.cs using Guid(36e8815b9d2b9d241b051db0dc649464) Importer(815301076,1909f56bfc062723c751e8b465ee728b)  -> (artifact id: 'eddfab399dea9b04da429d7f2855435d') in 0.000861 seconds
Number of updated asset objects reloaded before import = 0
Number of asset objects unloaded after import = 0
========================================================================
Received Import Request.
  Time since last request: 12.597113 seconds.
  path: Assets/Scripts/GemMovement.cs
  artifactKey: Guid(9d740aea3a5bc25459205c1709ebaf11) Importer(815301076,1909f56bfc062723c751e8b465ee728b)
Start importing Assets/Scripts/GemMovement.cs using Guid(9d740aea3a5bc25459205c1709ebaf11) Importer(815301076,1909f56bfc062723c751e8b465ee728b)  -> (artifact id: 'fae6130a50257576580a8e378ef7e6c5') in 0.000464 seconds
Number of updated asset objects reloaded before import = 0
Number of asset objects unloaded after import = 0
========================================================================
Received Import Request.
  Time since last request: 24.208385 seconds.
  path: Assets/Scripts/Board.cs
  artifactKey: Guid(438e8e3970bebb2469d96e950ffcc3b6) Importer(815301076,1909f56bfc062723c751e8b465ee728b)
Start importing Assets/Scripts/Board.cs using Guid(438e8e3970bebb2469d96e950ffcc3b6) Importer(815301076,1909f56bfc062723c751e8b465ee728b)  -> (artifact id: '0583cbabc04db820bbbd8335495f2cba') in 0.000570 seconds
Number of updated asset objects reloaded before import = 0
Number of asset objects unloaded after import = 0
========================================================================
Received Import Request.
  Time since last request: 77.282693 seconds.
  path: Assets/Scripts/Board.cs
  artifactKey: Guid(438e8e3970bebb2469d96e950ffcc3b6) Importer(815301076,1909f56bfc062723c751e8b465ee728b)
Start importing Assets/Scripts/Board.cs using Guid(438e8e3970bebb2469d96e950ffcc3b6) Importer(815301076,1909f56bfc062723c751e8b465ee728b)  -> (artifact id: '57a0f71052811944838809a7a549616e') in 0.000674 seconds
Number of updated asset objects reloaded before import = 0
Number of asset objects unloaded after import = 0
========================================================================
Received Import Request.
  Time since last request: 118.818065 seconds.
  path: Assets/Scripts/Gem.cs
  artifactKey: Guid(0ebd8b0df441ee5438cc6f3efbfd72d8) Importer(815301076,1909f56bfc062723c751e8b465ee728b)
Start importing Assets/Scripts/Gem.cs using Guid(0ebd8b0df441ee5438cc6f3efbfd72d8) Importer(815301076,1909f56bfc062723c751e8b465ee728b)  -> (artifact id: '83ed2b118fbc033eb85e9c2f664e9e67') in 0.000584 seconds
Number of updated asset objects reloaded before import = 0
Number of asset objects unloaded after import = 0
========================================================================
Received Import Request.
  Time since last request: 21.795462 seconds.
  path: Assets/Scripts/Gem.cs
  artifactKey: Guid(0ebd8b0df441ee5438cc6f3efbfd72d8) Importer(815301076,1909f56bfc062723c751e8b465ee728b)
Start importing Assets/Scripts/Gem.cs using Guid(0ebd8b0df441ee5438cc6f3efbfd72d8) Importer(815301076,1909f56bfc062723c751e8b465ee728b)  -> (artifact id: 'babd38fb0a4f4fc52129a71854201d67') in 0.000989 seconds
Number of updated asset objects reloaded before import = 0
Number of asset objects unloaded after import = 0
========================================================================
Received Import Request.
  Time since last request: 30.836617 seconds.
  path: Assets/Scripts/CanvasController.cs
  artifactKey: Guid(d4f0d710db0feb74a8d4c021bc66ef58) Importer(815301076,1909f56bfc062723c751e8b465ee728b)
Start importing Assets/Scripts/CanvasController.cs using Guid(d4f0d710db0feb74a8d4c021bc66ef58) Importer(815301076,1909f56bfc062723c751e8b465ee728b)  -> (artifact id: '999d1738bf800ae8ac5f5db5b4144255') in 0.000560 seconds
Number of updated asset objects reloaded before import = 0
Number of asset objects unloaded after import = 0
========================================================================
Received Import Request.
  Time since last request: 30.486614 seconds.
  path: Assets/Scripts/CanvasController.cs
  artifactKey: Guid(d4f0d710db0feb74a8d4c021bc66ef58) Importer(815301076,1909f56bfc062723c751e8b465ee728b)
Start importing Assets/Scripts/CanvasController.cs using Guid(d4f0d710db0feb74a8d4c021bc66ef58) Importer(815301076,1909f56bfc062723c751e8b465ee728b)  -> (artifact id: '4ba07c0e9215fb709e532faa21fd71c1') in 0.000674 seconds
Number of updated asset objects reloaded before import = 0
Number of asset objects unloaded after import = 0
========================================================================
Received Import Request.
  Time since last request: 236.461082 seconds.
  path: ProjectSettings/TagManager.asset
  artifactKey: Guid(00000000000000003000000000000000) Importer(815301076,1909f56bfc062723c751e8b465ee728b)
Start importing ProjectSettings/TagManager.asset using Guid(00000000000000003000000000000000) Importer(815301076,1909f56bfc062723c751e8b465ee728b)  -> (artifact id: '6b9326e97e2461385864aa44f9e28ada') in 0.001067 seconds
Number of updated asset objects reloaded before import = 0
Number of asset objects unloaded after import = 0
========================================================================
Received Import Request.
  Time since last request: 648.682305 seconds.
  path: Assets/Scripts/Board.cs
  artifactKey: Guid(438e8e3970bebb2469d96e950ffcc3b6) Importer(2089858483,0ecaa5967403d082aa24f35e1b516d23)
Start importing Assets/Scripts/Board.cs using Guid(438e8e3970bebb2469d96e950ffcc3b6) Importer(2089858483,0ecaa5967403d082aa24f35e1b516d23) Generated GUIDs only implemented for interfaces!
 -> (artifact id: '102fbd477f11b5b66a9622042bf8adb9') in 0.156163 seconds
Number of updated asset objects reloaded before import = 0
Number of asset objects unloaded after import = 1
========================================================================
Received Import Request.
  Time since last request: 0.774750 seconds.
  path: Assets/EZ Pooling/Prefabs/Materials/red.mat
  artifactKey: Guid(e5bd906e47701a049ba3aac2ec29004f) Importer(2089858483,0ecaa5967403d082aa24f35e1b516d23)
Start importing Assets/EZ Pooling/Prefabs/Materials/red.mat using Guid(e5bd906e47701a049ba3aac2ec29004f) Importer(2089858483,0ecaa5967403d082aa24f35e1b516d23) Generated GUIDs only implemented for interfaces!
 -> (artifact id: '3ae62136dc88536032f598dff07cf2de') in 0.090812 seconds
Number of updated asset objects reloaded before import = 0
Number of asset objects unloaded after import = 1
========================================================================
Received Import Request.
  Time since last request: 0.408640 seconds.
  path: Assets/EZ Pooling/Examples/Example smart despawn cull
  artifactKey: Guid(41fdf83edf239204db2b8de5cad1d207) Importer(2089858483,0ecaa5967403d082aa24f35e1b516d23)
Start importing Assets/EZ Pooling/Examples/Example smart despawn cull using Guid(41fdf83edf239204db2b8de5cad1d207) Importer(2089858483,0ecaa5967403d082aa24f35e1b516d23) Generated GUIDs only implemented for interfaces!
 -> (artifact id: 'c5cc82803c991c3662f551ef4cf54aed') in 0.004018 seconds
Number of updated asset objects reloaded before import = 0
Number of asset objects unloaded after import = 1
========================================================================
Received Import Request.
  Time since last request: 0.877663 seconds.
  path: Assets/EZ Pooling/Editor/Texture Resources/missingPrefabIcon.psd
  artifactKey: Guid(ba22db7d346eb2840832f3fd04831edb) Importer(2089858483,0ecaa5967403d082aa24f35e1b516d23)
Start importing Assets/EZ Pooling/Editor/Texture Resources/missingPrefabIcon.psd using Guid(ba22db7d346eb2840832f3fd04831edb) Importer(2089858483,0ecaa5967403d082aa24f35e1b516d23) Generated GUIDs only implemented for interfaces!
 -> (artifact id: 'd25b509508cff106ca76d863e41bcd6b') in 0.117677 seconds
Number of updated asset objects reloaded before import = 0
Number of asset objects unloaded after import = 1
========================================================================
Received Import Request.
  Time since last request: 0.000039 seconds.
  path: Assets/EZ Pooling/Examples/Example sandbox
  artifactKey: Guid(307ad6dfd9c0e68488345047edb8e2d9) Importer(2089858483,0ecaa5967403d082aa24f35e1b516d23)
Start importing Assets/EZ Pooling/Examples/Example sandbox using Guid(307ad6dfd9c0e68488345047edb8e2d9) Importer(2089858483,0ecaa5967403d082aa24f35e1b516d23) Generated GUIDs only implemented for interfaces!
 -> (artifact id: '95fa3e87df8ad03d71e19c75c2842287') in 0.005937 seconds
Number of updated asset objects reloaded before import = 0
Number of asset objects unloaded after import = 1
========================================================================
Received Import Request.
  Time since last request: 0.389142 seconds.
  path: Assets/EZ Pooling/Editor/Texture Resources
  artifactKey: Guid(b91344e3e781d2043baebe5f8989897b) Importer(2089858483,0ecaa5967403d082aa24f35e1b516d23)
Start importing Assets/EZ Pooling/Editor/Texture Resources using Guid(b91344e3e781d2043baebe5f8989897b) Importer(2089858483,0ecaa5967403d082aa24f35e1b516d23) Generated GUIDs only implemented for interfaces!
 -> (artifact id: '95da983692c6c94836c8758bdc542c61') in 0.004928 seconds
Number of updated asset objects reloaded before import = 0
Number of asset objects unloaded after import = 1
========================================================================
Received Import Request.
  Time since last request: 0.000166 seconds.
  path: Assets/EZ Pooling/Manual.pdf
  artifactKey: Guid(4fc616478c8cf9e4da07a62865ce23ef) Importer(2089858483,0ecaa5967403d082aa24f35e1b516d23)
Start importing Assets/EZ Pooling/Manual.pdf using Guid(4fc616478c8cf9e4da07a62865ce23ef) Importer(2089858483,0ecaa5967403d082aa24f35e1b516d23) Generated GUIDs only implemented for interfaces!
 -> (artifact id: '9691558e8533715d3e6a873a5d83f846') in 0.004614 seconds
Number of updated asset objects reloaded before import = 0
Number of asset objects unloaded after import = 1
========================================================================
Received Import Request.
  Time since last request: 0.000137 seconds.
  path: Assets/EZ Pooling/Examples/Example sandbox/example_sandbox.unity
  artifactKey: Guid(4783b5a43904d484ea1376b9a44a376d) Importer(2089858483,0ecaa5967403d082aa24f35e1b516d23)
Start importing Assets/EZ Pooling/Examples/Example sandbox/example_sandbox.unity using Guid(4783b5a43904d484ea1376b9a44a376d) Importer(2089858483,0ecaa5967403d082aa24f35e1b516d23) Generated GUIDs only implemented for interfaces!
 -> (artifact id: '60a44f0efebdc6cc205fbee86c2679de') in 0.005259 seconds
Number of updated asset objects reloaded before import = 0
Number of asset objects unloaded after import = 1
========================================================================
Received Import Request.
  Time since last request: 0.000318 seconds.
  path: Assets/EZ Pooling/Examples/Example sandbox/example_sandboxSettings.lighting
  artifactKey: Guid(922303f2207f2254b993074e282e7034) Importer(2089858483,0ecaa5967403d082aa24f35e1b516d23)
Start importing Assets/EZ Pooling/Examples/Example sandbox/example_sandboxSettings.lighting using Guid(922303f2207f2254b993074e282e7034) Importer(2089858483,0ecaa5967403d082aa24f35e1b516d23) LightingSettings: switching bake backend from 1 to 0.
Generated GUIDs only implemented for interfaces!
 -> (artifact id: '66a5d46624f3a13d99d946868953b36f') in 0.047278 seconds
Number of updated asset objects reloaded before import = 0
Number of asset objects unloaded after import = 1
========================================================================
Received Import Request.
  Time since last request: 0.000278 seconds.
  path: Assets/EZ Pooling/Examples/Physic Materials
  artifactKey: Guid(c29013aa2d30ccc478881b87cf587906) Importer(2089858483,0ecaa5967403d082aa24f35e1b516d23)
Start importing Assets/EZ Pooling/Examples/Physic Materials using Guid(c29013aa2d30ccc478881b87cf587906) Importer(2089858483,0ecaa5967403d082aa24f35e1b516d23) Generated GUIDs only implemented for interfaces!
 -> (artifact id: 'a64f280b7bfdca1c948ccee53ef78ad8') in 0.009791 seconds
Number of updated asset objects reloaded before import = 0
Number of asset objects unloaded after import = 1
========================================================================
Received Import Request.
  Time since last request: 0.000307 seconds.
  path: Assets/EZ Pooling/Prefabs/test prefab 1.prefab
  artifactKey: Guid(3d99bf3b8ab70ec41ae4cb7e037feff7) Importer(2089858483,0ecaa5967403d082aa24f35e1b516d23)
Start importing Assets/EZ Pooling/Prefabs/test prefab 1.prefab using Guid(3d99bf3b8ab70ec41ae4cb7e037feff7) Importer(2089858483,0ecaa5967403d082aa24f35e1b516d23) Generated GUIDs only implemented for interfaces!
 -> (artifact id: 'f97ba13f95c2920af096330af61a95b6') in 0.044855 seconds
Number of updated asset objects reloaded before import = 0
Number of asset objects unloaded after import = 10
========================================================================
Received Import Request.
  Time since last request: 0.000119 seconds.
  path: Assets/EZ Pooling/Prefabs/Materials
  artifactKey: Guid(3a1a496994abda746b97150015705999) Importer(2089858483,0ecaa5967403d082aa24f35e1b516d23)
Start importing Assets/EZ Pooling/Prefabs/Materials using Guid(3a1a496994abda746b97150015705999) Importer(2089858483,0ecaa5967403d082aa24f35e1b516d23) Generated GUIDs only implemented for interfaces!
 -> (artifact id: 'da67066e04598c6843d743915e916f40') in 0.044505 seconds
Number of updated asset objects reloaded before import = 0
Number of asset objects unloaded after import = 1
========================================================================
Received Import Request.
  Time since last request: 0.000970 seconds.
  path: Assets/EZ Pooling/Editor/Texture Resources/Pool Item Top Logo.psd
  artifactKey: Guid(cb2c491c6ba0f4449bc397e162ded954) Importer(2089858483,0ecaa5967403d082aa24f35e1b516d23)
Start importing Assets/EZ Pooling/Editor/Texture Resources/Pool Item Top Logo.psd using Guid(cb2c491c6ba0f4449bc397e162ded954) Importer(2089858483,0ecaa5967403d082aa24f35e1b516d23) Generated GUIDs only implemented for interfaces!
 -> (artifact id: '0179e2b0c8b43a99d0573269bfd01ae2') in 0.048590 seconds
Number of updated asset objects reloaded before import = 0
Number of asset objects unloaded after import = 1
========================================================================
Received Import Request.
  Time since last request: 0.000326 seconds.
  path: Assets/EZ Pooling/Editor
  artifactKey: Guid(2ff300404bc0bad4facdc3da43f70152) Importer(2089858483,0ecaa5967403d082aa24f35e1b516d23)
Start importing Assets/EZ Pooling/Editor using Guid(2ff300404bc0bad4facdc3da43f70152) Importer(2089858483,0ecaa5967403d082aa24f35e1b516d23) Generated GUIDs only implemented for interfaces!
 -> (artifact id: '825461b7f3d2f74e7aca66566bf9632a') in 0.004902 seconds
Number of updated asset objects reloaded before import = 0
Number of asset objects unloaded after import = 1
========================================================================
Received Import Request.
  Time since last request: 0.000209 seconds.
  path: Assets/EZ Pooling/Examples/Example recycle instances
  artifactKey: Guid(e50071630d1fb3a4f9076eb8023a9dce) Importer(2089858483,0ecaa5967403d082aa24f35e1b516d23)
Start importing Assets/EZ Pooling/Examples/Example recycle instances using Guid(e50071630d1fb3a4f9076eb8023a9dce) Importer(2089858483,0ecaa5967403d082aa24f35e1b516d23) Generated GUIDs only implemented for interfaces!
 -> (artifact id: '0ffae5f2d9ae8c08a64e929d2cfefc52') in 0.005794 seconds
Number of updated asset objects reloaded before import = 0
Number of asset objects unloaded after import = 1
========================================================================
Received Import Request.
  Time since last request: 0.000190 seconds.
  path: Assets/EZ Pooling/Examples
  artifactKey: Guid(c16cd84641cd91f4d881345ad8f1925a) Importer(2089858483,0ecaa5967403d082aa24f35e1b516d23)
Start importing Assets/EZ Pooling/Examples using Guid(c16cd84641cd91f4d881345ad8f1925a) Importer(2089858483,0ecaa5967403d082aa24f35e1b516d23) Generated GUIDs only implemented for interfaces!
 -> (artifact id: 'a4b4b92e5b527e15b84986c6c0de04a8') in 0.004100 seconds
Number of updated asset objects reloaded before import = 0
Number of asset objects unloaded after import = 1
========================================================================
Received Import Request.
  Time since last request: 0.000219 seconds.
  path: Assets/EZ Pooling/Prefabs/Materials/blue.mat
  artifactKey: Guid(098c0adcda109d84c929575c9c6b721e) Importer(2089858483,0ecaa5967403d082aa24f35e1b516d23)
Start importing Assets/EZ Pooling/Prefabs/Materials/blue.mat using Guid(098c0adcda109d84c929575c9c6b721e) Importer(2089858483,0ecaa5967403d082aa24f35e1b516d23) Generated GUIDs only implemented for interfaces!
 -> (artifact id: '2a64e6c85e3514d1eb5e0d6d1ef760f1') in 0.009713 seconds
Number of updated asset objects reloaded before import = 0
Number of asset objects unloaded after import = 1
========================================================================
Received Import Request.
  Time since last request: 0.000143 seconds.
  path: Assets/EZ Pooling/Editor/EZ_EditorAssets.cs
  artifactKey: Guid(720a5bab5e2eba84bbea35dfa0c92ae7) Importer(2089858483,0ecaa5967403d082aa24f35e1b516d23)
Start importing Assets/EZ Pooling/Editor/EZ_EditorAssets.cs using Guid(720a5bab5e2eba84bbea35dfa0c92ae7) Importer(2089858483,0ecaa5967403d082aa24f35e1b516d23) Generated GUIDs only implemented for interfaces!
 -> (artifact id: '3a83116ae38e458a65d6cbae87b5c700') in 0.006480 seconds
Number of updated asset objects reloaded before import = 0
Number of asset objects unloaded after import = 1
========================================================================
Received Import Request.
  Time since last request: 0.000210 seconds.
  path: Assets/EZ Pooling/Prefabs/test prefab 2.prefab
  artifactKey: Guid(b4625677a2001f240be4909d2685a97a) Importer(2089858483,0ecaa5967403d082aa24f35e1b516d23)
Start importing Assets/EZ Pooling/Prefabs/test prefab 2.prefab using Guid(b4625677a2001f240be4909d2685a97a) Importer(2089858483,0ecaa5967403d082aa24f35e1b516d23) Generated GUIDs only implemented for interfaces!
 -> (artifact id: '12466c90192e3fe5f9ac4ddb48b9df1b') in 0.013754 seconds
Number of updated asset objects reloaded before import = 0
Number of asset objects unloaded after import = 10
========================================================================
Received Import Request.
  Time since last request: 0.000030 seconds.
  path: Assets/EZ Pooling/Examples/-Scripts/DestroyerBoundary.cs
  artifactKey: Guid(862295c22112330448bd02b2e575a522) Importer(2089858483,0ecaa5967403d082aa24f35e1b516d23)
Start importing Assets/EZ Pooling/Examples/-Scripts/DestroyerBoundary.cs using Guid(862295c22112330448bd02b2e575a522) Importer(2089858483,0ecaa5967403d082aa24f35e1b516d23) Generated GUIDs only implemented for interfaces!
 -> (artifact id: '83884a7c0704db16eb30fbe02ab0489c') in 0.008131 seconds
Number of updated asset objects reloaded before import = 0
Number of asset objects unloaded after import = 1
========================================================================
Received Import Request.
  Time since last request: 0.000053 seconds.
  path: Assets/EZ Pooling/Scripts/EZ_PoolManager.cs
  artifactKey: Guid(1701af0df6c96fa45bfa3662b319541b) Importer(2089858483,0ecaa5967403d082aa24f35e1b516d23)
Start importing Assets/EZ Pooling/Scripts/EZ_PoolManager.cs using Guid(1701af0df6c96fa45bfa3662b319541b) Importer(2089858483,0ecaa5967403d082aa24f35e1b516d23) Generated GUIDs only implemented for interfaces!
 -> (artifact id: 'f6a541b1e7261ad6230cc5876d5f397d') in 0.006025 seconds
Number of updated asset objects reloaded before import = 0
Number of asset objects unloaded after import = 1
========================================================================
Received Import Request.
  Time since last request: 0.000074 seconds.
  path: Assets/EZ Pooling/Editor/Texture Resources/Pool Item Bottom Logo.psd
  artifactKey: Guid(8b6735d57a1df5e4a9d396dca3351c3c) Importer(2089858483,0ecaa5967403d082aa24f35e1b516d23)
Start importing Assets/EZ Pooling/Editor/Texture Resources/Pool Item Bottom Logo.psd using Guid(8b6735d57a1df5e4a9d396dca3351c3c) Importer(2089858483,0ecaa5967403d082aa24f35e1b516d23) Generated GUIDs only implemented for interfaces!
 -> (artifact id: '4d2b907d1ba97bb3ca9b39a1ef7a7f60') in 0.023570 seconds
Number of updated asset objects reloaded before import = 0
Number of asset objects unloaded after import = 1
========================================================================
Received Import Request.
  Time since last request: 0.000031 seconds.
  path: Assets/EZ Pooling/Examples/Example smart despawn cull/example_smartDespawnCull.unity
  artifactKey: Guid(dc61e276894b7ee4fbc90c89fda3b7ed) Importer(2089858483,0ecaa5967403d082aa24f35e1b516d23)
Start importing Assets/EZ Pooling/Examples/Example smart despawn cull/example_smartDespawnCull.unity using Guid(dc61e276894b7ee4fbc90c89fda3b7ed) Importer(2089858483,0ecaa5967403d082aa24f35e1b516d23) Generated GUIDs only implemented for interfaces!
 -> (artifact id: '9523136fde0983e98a51f66bae007d0e') in 0.005889 seconds
Number of updated asset objects reloaded before import = 0
Number of asset objects unloaded after import = 1
========================================================================
Received Import Request.
  Time since last request: 0.000200 seconds.
  path: Assets/EZ Pooling/Examples/Example sandbox/ObjBehaviour.cs
  artifactKey: Guid(8f7a48f7729ddbd44a1e7db07f0ff209) Importer(2089858483,0ecaa5967403d082aa24f35e1b516d23)
Start importing Assets/EZ Pooling/Examples/Example sandbox/ObjBehaviour.cs using Guid(8f7a48f7729ddbd44a1e7db07f0ff209) Importer(2089858483,0ecaa5967403d082aa24f35e1b516d23) Generated GUIDs only implemented for interfaces!
 -> (artifact id: 'ab9ebd3ee94ac72f4e59b87fe84f09db') in 0.007272 seconds
Number of updated asset objects reloaded before import = 0
Number of asset objects unloaded after import = 1
========================================================================
Received Import Request.
  Time since last request: 10.980284 seconds.
  path: Assets/Sprites
  artifactKey: Guid(fdbbafdf4858c5f49bf9b83763fba751) Importer(2089858483,0ecaa5967403d082aa24f35e1b516d23)
Start importing Assets/Sprites using Guid(fdbbafdf4858c5f49bf9b83763fba751) Importer(2089858483,0ecaa5967403d082aa24f35e1b516d23) Generated GUIDs only implemented for interfaces!
 -> (artifact id: 'f5f7752b76134ebf3c32ae20b697ac68') in 0.005068 seconds
Number of updated asset objects reloaded before import = 0
Number of asset objects unloaded after import = 1
========================================================================
Received Prepare
Begin MonoManager ReloadAssembly
- Loaded All Assemblies, in  0.294 seconds
Refreshing native plugins compatible for Editor in 0.00 ms, found 0 plugins.
Native extension for WindowsStandalone target not found
Native extension for Android target not found
Native extension for WebGL target not found
Mono: successfully reloaded assembly
- Finished resetting the current domain, in  0.377 seconds
Domain Reload Profiling: 670ms
	BeginReloadAssembly (211ms)
		ExecutionOrderSort (0ms)
		DisableScriptedObjects (8ms)
		BackupInstance (0ms)
		ReleaseScriptingObjects (1ms)
		CreateAndSetChildDomain (56ms)
	RebuildCommonClasses (30ms)
	RebuildNativeTypeToScriptingClass (8ms)
	initialDomainReloadingComplete (23ms)
	LoadAllAssembliesAndSetupDomain (19ms)
		LoadAssemblies (106ms)
		RebuildTransferFunctionScriptingTraits (0ms)
		AnalyzeDomain (14ms)
			TypeCache.Refresh (10ms)
				TypeCache.ScanAssembly (5ms)
			ScanForSourceGeneratedMonoScriptInfo (2ms)
			ResolveRequiredComponents (2ms)
	FinalizeReload (378ms)
		ReleaseScriptCaches (0ms)
		RebuildScriptCaches (0ms)
		SetupLoadedEditorAssemblies (213ms)
			LogAssemblyErrors (0ms)
			InitializePlatformSupportModulesInManaged (25ms)
			SetLoadedEditorAssemblies (4ms)
			RefreshPlugins (0ms)
			BeforeProcessingInitializeOnLoad (28ms)
			ProcessInitializeOnLoadAttributes (118ms)
			ProcessInitializeOnLoadMethodAttributes (26ms)
			AfterProcessingInitializeOnLoad (11ms)
			EditorAssembliesLoaded (0ms)
		ExecutionOrderSort2 (0ms)
		AwakeInstancesAfterBackupRestoration (13ms)
Refreshing native plugins compatible for Editor in 0.00 ms, found 0 plugins.
Preloading 0 native plugins for Editor in 0.00 ms.
Unloading 342 Unused Serialized files (Serialized files now loaded: 0)
Unloading 3 unused Assets / (54.5 KB). Loaded Objects now: 827.
Memory consumption went from 57.0 MB to 57.0 MB.
Total: 2.869600 ms (FindLiveObjects: 0.077200 ms CreateObjectMapping: 0.018200 ms MarkObjects: 2.694900 ms  DeleteObjects: 0.077900 ms)

Prepare: number of updated asset objects reloaded= 0
AssetImportParameters requested are different than current active one (requested -> active):
  custom:video-encoder-webm-vp8: eb34c28f22e8b96e1ab97ce403110664 -> 
  custom:video-decoder-webm-vp8: 9c59270c3fd7afecdb556c50c9e8de78 -> 
  custom:audio-decoder-ogg-vorbis: bf7c407c2cedff20999df2af8eb42d56 -> 
  custom:video-decoder-ogg-theora: a1e56fd34408186e4bbccfd4996cb3dc -> 
  custom:audio-encoder-webm-vorbis: bf7c407c2cedff20999df2af8eb42d56 -> 
  custom:container-demuxer-webm: 4f35f7cbe854078d1ac9338744f61a02 -> 
  custom:SearchIndexIgnoredProperties: e643bd26f0fe6173181afceb89e7c659 -> 
  custom:container-muxer-webm: aa71ff27fc2769a1b78a27578f13a17b -> 
  custom:video-codec-MediaFoundation-h265: 746d11721c4dcdbdad8f713fa42b33f4 -> 
  custom:container-demuxer-ogg: 62fdf1f143b41e24485cea50d1cbac27 -> 
  custom:AudioImporter_EditorPlatform: d09bf68614088b80899f8185d706f6e7 -> 
  custom:CustomObjectIndexerAttribute: 756ad292c208cfabdd7b50bc23989ffe -> 
  custom:framework-win-MediaFoundation: 216162199b28c13a410421893ffa2e32 -> 
========================================================================
Received Import Request.
  Time since last request: 247.845065 seconds.
  path: Assets/Sprites/gg_08.png
  artifactKey: Guid(0b2af250f0d3fb643899b9c669c95031) Importer(815301076,1909f56bfc062723c751e8b465ee728b)
Start importing Assets/Sprites/gg_08.png using Guid(0b2af250f0d3fb643899b9c669c95031) Importer(815301076,1909f56bfc062723c751e8b465ee728b)  -> (artifact id: '010d7a726c415eb87786e4aee3df6fc9') in 0.066169 seconds
Number of updated asset objects reloaded before import = 0
Number of asset objects unloaded after import = 2
========================================================================
Received Import Request.
  Time since last request: 0.827666 seconds.
  path: Assets/Sprites/pg_09.png
  artifactKey: Guid(0a72b1928194f964b80655501c934988) Importer(815301076,1909f56bfc062723c751e8b465ee728b)
Start importing Assets/Sprites/pg_09.png using Guid(0a72b1928194f964b80655501c934988) Importer(815301076,1909f56bfc062723c751e8b465ee728b)  -> (artifact id: 'e7bdb253812a9a8ab5f76116ce04537b') in 0.014201 seconds
Number of updated asset objects reloaded before import = 0
Number of asset objects unloaded after import = 2
========================================================================
Received Import Request.
  Time since last request: 0.000115 seconds.
  path: Assets/Sprites/yg_03.png
  artifactKey: Guid(1fe8ad88c03546241a76c8e53de09f82) Importer(815301076,1909f56bfc062723c751e8b465ee728b)
Start importing Assets/Sprites/yg_03.png using Guid(1fe8ad88c03546241a76c8e53de09f82) Importer(815301076,1909f56bfc062723c751e8b465ee728b)  -> (artifact id: 'c0582f5827feb482ee800029d390ce0b') in 0.014080 seconds
Number of updated asset objects reloaded before import = 0
Number of asset objects unloaded after import = 2
========================================================================
Received Import Request.
  Time since last request: 39.218707 seconds.
  path: Assets/Sprites/Gems/pg_09.png
  artifactKey: Guid(fa67839330996764683a123cb35a1ea8) Importer(815301076,1909f56bfc062723c751e8b465ee728b)
Start importing Assets/Sprites/Gems/pg_09.png using Guid(fa67839330996764683a123cb35a1ea8) Importer(815301076,1909f56bfc062723c751e8b465ee728b)  -> (artifact id: 'f1f6ebc08e495e06a355700ae6d2984f') in 0.045468 seconds
Number of updated asset objects reloaded before import = 0
Number of asset objects unloaded after import = 3
========================================================================
Received Import Request.
  Time since last request: 0.000020 seconds.
  path: Assets/Sprites/Gems/yg_03.png
  artifactKey: Guid(6bb7c00a68de1634cbee8574d8499804) Importer(815301076,1909f56bfc062723c751e8b465ee728b)
Start importing Assets/Sprites/Gems/yg_03.png using Guid(6bb7c00a68de1634cbee8574d8499804) Importer(815301076,1909f56bfc062723c751e8b465ee728b)  -> (artifact id: 'd74f418bce8a00d6e13e0202e1447c3d') in 0.021885 seconds
Number of updated asset objects reloaded before import = 0
Number of asset objects unloaded after import = 3
========================================================================
Received Prepare
Begin MonoManager ReloadAssembly
- Loaded All Assemblies, in  0.245 seconds
Refreshing native plugins compatible for Editor in 0.00 ms, found 0 plugins.
Native extension for WindowsStandalone target not found
Native extension for Android target not found
Native extension for WebGL target not found
Mono: successfully reloaded assembly
- Finished resetting the current domain, in  0.391 seconds
Domain Reload Profiling: 634ms
	BeginReloadAssembly (157ms)
		ExecutionOrderSort (0ms)
		DisableScriptedObjects (5ms)
		BackupInstance (0ms)
		ReleaseScriptingObjects (0ms)
		CreateAndSetChildDomain (22ms)
	RebuildCommonClasses (38ms)
	RebuildNativeTypeToScriptingClass (13ms)
	initialDomainReloadingComplete (21ms)
	LoadAllAssembliesAndSetupDomain (14ms)
		LoadAssemblies (107ms)
		RebuildTransferFunctionScriptingTraits (0ms)
		AnalyzeDomain (8ms)
			TypeCache.Refresh (4ms)
				TypeCache.ScanAssembly (0ms)
			ScanForSourceGeneratedMonoScriptInfo (0ms)
			ResolveRequiredComponents (3ms)
	FinalizeReload (391ms)
		ReleaseScriptCaches (0ms)
		RebuildScriptCaches (0ms)
		SetupLoadedEditorAssemblies (233ms)
			LogAssemblyErrors (0ms)
			InitializePlatformSupportModulesInManaged (29ms)
			SetLoadedEditorAssemblies (5ms)
			RefreshPlugins (0ms)
			BeforeProcessingInitializeOnLoad (46ms)
			ProcessInitializeOnLoadAttributes (129ms)
			ProcessInitializeOnLoadMethodAttributes (17ms)
			AfterProcessingInitializeOnLoad (7ms)
			EditorAssembliesLoaded (0ms)
		ExecutionOrderSort2 (0ms)
		AwakeInstancesAfterBackupRestoration (6ms)
Refreshing native plugins compatible for Editor in 0.00 ms, found 0 plugins.
Preloading 0 native plugins for Editor in 0.00 ms.
Unloading 355 Unused Serialized files (Serialized files now loaded: 0)
Unloading 15 unused Assets / (0.7 MB). Loaded Objects now: 834.
Memory consumption went from 61.0 MB to 60.2 MB.
Total: 2.861800 ms (FindLiveObjects: 0.054500 ms CreateObjectMapping: 0.011600 ms MarkObjects: 2.536100 ms  DeleteObjects: 0.258600 ms)

Prepare: number of updated asset objects reloaded= 0
AssetImportParameters requested are different than current active one (requested -> active):
  custom:video-encoder-webm-vp8: eb34c28f22e8b96e1ab97ce403110664 -> 
  custom:video-decoder-webm-vp8: 9c59270c3fd7afecdb556c50c9e8de78 -> 
  custom:audio-decoder-ogg-vorbis: bf7c407c2cedff20999df2af8eb42d56 -> 
  custom:video-decoder-ogg-theora: a1e56fd34408186e4bbccfd4996cb3dc -> 
  custom:audio-encoder-webm-vorbis: bf7c407c2cedff20999df2af8eb42d56 -> 
  custom:container-demuxer-webm: 4f35f7cbe854078d1ac9338744f61a02 -> 
  custom:SearchIndexIgnoredProperties: e643bd26f0fe6173181afceb89e7c659 -> 
  custom:container-muxer-webm: aa71ff27fc2769a1b78a27578f13a17b -> 
  custom:video-codec-MediaFoundation-h265: 746d11721c4dcdbdad8f713fa42b33f4 -> 
  custom:container-demuxer-ogg: 62fdf1f143b41e24485cea50d1cbac27 -> 
  custom:AudioImporter_EditorPlatform: d09bf68614088b80899f8185d706f6e7 -> 
  custom:CustomObjectIndexerAttribute: 756ad292c208cfabdd7b50bc23989ffe -> 
  custom:framework-win-MediaFoundation: 216162199b28c13a410421893ffa2e32 -> 
========================================================================
Received Import Request.
  Time since last request: 223.821269 seconds.
  path: Assets/Sprites/UI/blue_button01.png
  artifactKey: Guid(027fc8e99a13deb47babef947dab72f3) Importer(815301076,1909f56bfc062723c751e8b465ee728b)
Start importing Assets/Sprites/UI/blue_button01.png using Guid(027fc8e99a13deb47babef947dab72f3) Importer(815301076,1909f56bfc062723c751e8b465ee728b)  -> (artifact id: '50ec2608194f911cb41d020465b06232') in 0.077762 seconds
Number of updated asset objects reloaded before import = 0
Number of asset objects unloaded after import = 3
========================================================================
Received Import Request.
  Time since last request: 0.825017 seconds.
  path: Assets/Sprites/UI/blue_button02.png
  artifactKey: Guid(4f16045d4f71d7f4ab9ba3fac18d412f) Importer(815301076,1909f56bfc062723c751e8b465ee728b)
Start importing Assets/Sprites/UI/blue_button02.png using Guid(4f16045d4f71d7f4ab9ba3fac18d412f) Importer(815301076,1909f56bfc062723c751e8b465ee728b)  -> (artifact id: '71d8f8baf1c79c89b39f9a2d580119dc') in 0.018247 seconds
Number of updated asset objects reloaded before import = 0
Number of asset objects unloaded after import = 3
========================================================================
Received Import Request.
  Time since last request: 0.912900 seconds.
  path: Assets/Sprites/UI/green_handle.png
  artifactKey: Guid(e095230cb38830b4984239d3fa15048b) Importer(815301076,1909f56bfc062723c751e8b465ee728b)
Start importing Assets/Sprites/UI/green_handle.png using Guid(e095230cb38830b4984239d3fa15048b) Importer(815301076,1909f56bfc062723c751e8b465ee728b)  -> (artifact id: '22b6ba5860abcd14a111d4be9801285f') in 0.019165 seconds
Number of updated asset objects reloaded before import = 0
Number of asset objects unloaded after import = 3
========================================================================
Received Import Request.
  Time since last request: 0.000020 seconds.
  path: Assets/Sprites/UI/red_button02.png
  artifactKey: Guid(09dea73af05ac8a4a882f89344e8dd22) Importer(815301076,1909f56bfc062723c751e8b465ee728b)
Start importing Assets/Sprites/UI/red_button02.png using Guid(09dea73af05ac8a4a882f89344e8dd22) Importer(815301076,1909f56bfc062723c751e8b465ee728b)  -> (artifact id: '42e2505deee3d2647e3acafec1f80672') in 0.013974 seconds
Number of updated asset objects reloaded before import = 0
Number of asset objects unloaded after import = 3
========================================================================
Received Import Request.
  Time since last request: 0.000017 seconds.
  path: Assets/Sprites/UI/red_handle.png
  artifactKey: Guid(eebeccc0a91ff9f43a3917389730de16) Importer(815301076,1909f56bfc062723c751e8b465ee728b)
Start importing Assets/Sprites/UI/red_handle.png using Guid(eebeccc0a91ff9f43a3917389730de16) Importer(815301076,1909f56bfc062723c751e8b465ee728b)  -> (artifact id: '2458ba4e43c882f7dde5426e2ac563be') in 0.013453 seconds
Number of updated asset objects reloaded before import = 0
Number of asset objects unloaded after import = 3
========================================================================
Received Import Request.
  Time since last request: 0.000023 seconds.
  path: Assets/Sprites/UI/grey_box.png
  artifactKey: Guid(fbf17a71f01fb8a43b797d1e34962b04) Importer(815301076,1909f56bfc062723c751e8b465ee728b)
Start importing Assets/Sprites/UI/grey_box.png using Guid(fbf17a71f01fb8a43b797d1e34962b04) Importer(815301076,1909f56bfc062723c751e8b465ee728b)  -> (artifact id: 'f0760157ac353ee6917cfe90b5e971c0') in 0.022272 seconds
Number of updated asset objects reloaded before import = 0
Number of asset objects unloaded after import = 3
========================================================================
Received Import Request.
  Time since last request: 0.000034 seconds.
  path: Assets/Sprites/UI/Star.png
  artifactKey: Guid(f591b0aaaf9f9854eba2cf5b9b44b818) Importer(815301076,1909f56bfc062723c751e8b465ee728b)
Start importing Assets/Sprites/UI/Star.png using Guid(f591b0aaaf9f9854eba2cf5b9b44b818) Importer(815301076,1909f56bfc062723c751e8b465ee728b)  -> (artifact id: '158978b21418ce0b37f7bf604c7667e8') in 0.069262 seconds
Number of updated asset objects reloaded before import = 0
Number of asset objects unloaded after import = 3
========================================================================
Received Import Request.
  Time since last request: 50.562989 seconds.
  path: Assets/TextMesh Pro/Fonts/LiberationSans.ttf
  artifactKey: Guid(e3265ab4bf004d28a9537516768c1c75) Importer(815301076,1909f56bfc062723c751e8b465ee728b)
Start importing Assets/TextMesh Pro/Fonts/LiberationSans.ttf using Guid(e3265ab4bf004d28a9537516768c1c75) Importer(815301076,1909f56bfc062723c751e8b465ee728b)  -> (artifact id: '3d375ca063584e7f8e4b40ae5b0bd31a') in 0.062918 seconds
Number of updated asset objects reloaded before import = 0
Number of asset objects unloaded after import = 4
========================================================================
Received Import Request.
  Time since last request: 0.000025 seconds.
  path: Assets/TextMesh Pro/Resources/Fonts & Materials/LiberationSans SDF - Outline.mat
  artifactKey: Guid(79459efec17a4d00a321bdcc27bbc385) Importer(815301076,1909f56bfc062723c751e8b465ee728b)
Start importing Assets/TextMesh Pro/Resources/Fonts & Materials/LiberationSans SDF - Outline.mat using Guid(79459efec17a4d00a321bdcc27bbc385) Importer(815301076,1909f56bfc062723c751e8b465ee728b)  -> (artifact id: '07baea5481da5c8126a93f8cdb71cb86') in 0.106103 seconds
Number of updated asset objects reloaded before import = 0
Number of asset objects unloaded after import = 3
========================================================================
Received Import Request.
  Time since last request: 0.000118 seconds.
  path: Assets/EZ Pooling/Prefabs/Materials/red.mat
  artifactKey: Guid(e5bd906e47701a049ba3aac2ec29004f) Importer(815301076,1909f56bfc062723c751e8b465ee728b)
Start importing Assets/EZ Pooling/Prefabs/Materials/red.mat using Guid(e5bd906e47701a049ba3aac2ec29004f) Importer(815301076,1909f56bfc062723c751e8b465ee728b)  -> (artifact id: '6d08bc951c509111f4ec028523cca821') in 0.119731 seconds
Number of updated asset objects reloaded before import = 0
Number of asset objects unloaded after import = 1
========================================================================
Received Import Request.
  Time since last request: 60.967731 seconds.
  path: Assets/Prefabs/Gems/Gem-Green Variant.prefab
  artifactKey: Guid(1aec052dfd9782143a0f542d735eeec0) Importer(815301076,1909f56bfc062723c751e8b465ee728b)
Start importing Assets/Prefabs/Gems/Gem-Green Variant.prefab using Guid(1aec052dfd9782143a0f542d735eeec0) Importer(815301076,1909f56bfc062723c751e8b465ee728b)  -> (artifact id: '96073b16410977889add04ef40e6c367') in 0.032620 seconds
Number of updated asset objects reloaded before import = 0
Number of asset objects unloaded after import = 19
========================================================================
Received Import Request.
  Time since last request: 32.187551 seconds.
  path: Assets/Prefabs/Gems/Gem-Green Variant.prefab
  artifactKey: Guid(1aec052dfd9782143a0f542d735eeec0) Importer(815301076,1909f56bfc062723c751e8b465ee728b)
Start importing Assets/Prefabs/Gems/Gem-Green Variant.prefab using Guid(1aec052dfd9782143a0f542d735eeec0) Importer(815301076,1909f56bfc062723c751e8b465ee728b)  -> (artifact id: 'd629a5ecc1b5d7088c2d2df9e1ca2204') in 0.012787 seconds
Number of updated asset objects reloaded before import = 0
Number of asset objects unloaded after import = 17
========================================================================
Received Import Request.
  Time since last request: 8.593476 seconds.
  path: Assets/Prefabs/Gems/Gem-Green Variant.prefab
  artifactKey: Guid(1aec052dfd9782143a0f542d735eeec0) Importer(815301076,1909f56bfc062723c751e8b465ee728b)
Start importing Assets/Prefabs/Gems/Gem-Green Variant.prefab using Guid(1aec052dfd9782143a0f542d735eeec0) Importer(815301076,1909f56bfc062723c751e8b465ee728b)  -> (artifact id: '201d3c91ef4bd56779fc627c8e8302c0') in 0.011451 seconds
Number of updated asset objects reloaded before import = 0
Number of asset objects unloaded after import = 19
========================================================================
Received Import Request.
  Time since last request: 40.528738 seconds.
  path: Assets/Prefabs/Gems/Gem-Red Variant.prefab
  artifactKey: Guid(a857f6e5f2e827c4391a21c0bd4f6299) Importer(815301076,1909f56bfc062723c751e8b465ee728b)
Start importing Assets/Prefabs/Gems/Gem-Red Variant.prefab using Guid(a857f6e5f2e827c4391a21c0bd4f6299) Importer(815301076,1909f56bfc062723c751e8b465ee728b)  -> (artifact id: '3cc70b04af219537af55a6223581fc0f') in 0.041350 seconds
Number of updated asset objects reloaded before import = 0
Number of asset objects unloaded after import = 19
========================================================================
Received Import Request.
  Time since last request: 2.815690 seconds.
  path: Assets/Prefabs/Gems/Gem-Red Variant.prefab
  artifactKey: Guid(a857f6e5f2e827c4391a21c0bd4f6299) Importer(815301076,1909f56bfc062723c751e8b465ee728b)
Start importing Assets/Prefabs/Gems/Gem-Red Variant.prefab using Guid(a857f6e5f2e827c4391a21c0bd4f6299) Importer(815301076,1909f56bfc062723c751e8b465ee728b)  -> (artifact id: 'fc25906aaf5c515877fdff8f8e693732') in 0.009465 seconds
Number of updated asset objects reloaded before import = 0
Number of asset objects unloaded after import = 19
Editor requested this worker to shutdown with reason: Scaling down because of idle timeout
TcpMessagingSession - receive error: operation aborted. errorcode: 995, details: Bir i parac k veya bir uygulama istei nedeniyle G/ ilemi iptal edildi.
AssetImportWorker is now disconnected from the server
Process exiting
Exiting without the bug reporter. Application will terminate with return code 0